2022-09-12 11:48 INFO     start        Run started at 2022-09-12 11:48:45
2022-09-12 11:48 INFO     main         Configuration file = C:\Users\user\Desktop\lidar\obiwan-main\obiwan\config.yaml.sample
2022-09-12 11:48 INFO     main         Data folder = C:\Users\user\Desktop\lidar\RALI_raw
2022-09-12 11:48 INFO     main         Minimum start time = N/A
2022-09-12 11:48 INFO     main         Maximum end time = N/A
2022-09-12 11:48 INFO     main         Maximum gap between measurements (seconds) = 600
2022-09-12 11:48 INFO     main         SCC configuration file = C:\Users\user\Desktop\lidar\obiwan-main\obiwan\scc_access.config.yaml
2022-09-12 11:48 DEBUG    main         Identifying measurements. This can take a few minutes...
2022-09-12 11:51 DEBUG    main         Processed 929 files
2022-09-12 11:51 DEBUG    main         Identified 15 different continuous measurements with a maximum acceptable gap of 600s
2022-09-12 11:51 INFO     main         Starting processing
2022-09-12 11:51 INFO     main         Converting and uploading measurement 1/15.
2022-09-12 11:51 DEBUG    main         Converting 59 licel files to SCC NetCDF format.
2022-09-12 11:51 DEBUG    main         Raw data files:
2022-09-12 11:51 DEBUG    main         RM2111407.495
2022-09-12 11:51 DEBUG    main         RM2111407.505
2022-09-12 11:51 DEBUG    main         RM2111407.515
2022-09-12 11:51 DEBUG    main         RM2111407.525
2022-09-12 11:51 DEBUG    main         RM2111407.535
2022-09-12 11:51 DEBUG    main         RM2111407.550
2022-09-12 11:51 DEBUG    main         RM2111407.560
2022-09-12 11:51 DEBUG    main         RM2111407.570
2022-09-12 11:51 DEBUG    main         RM2111407.580
2022-09-12 11:51 DEBUG    main         RM2111407.590
2022-09-12 11:51 DEBUG    main         RM2111408.000
2022-09-12 11:51 DEBUG    main         RM2111408.011
2022-09-12 11:51 DEBUG    main         RM2111408.021
2022-09-12 11:51 DEBUG    main         RM2111408.031
2022-09-12 11:51 DEBUG    main         RM2111408.041
2022-09-12 11:51 DEBUG    main         RM2111408.051
2022-09-12 11:51 DEBUG    main         RM2111408.061
2022-09-12 11:51 DEBUG    main         RM2111408.072
2022-09-12 11:51 DEBUG    main         RM2111408.082
2022-09-12 11:51 DEBUG    main         RM2111408.092
2022-09-12 11:51 DEBUG    main         RM2111408.102
2022-09-12 11:51 DEBUG    main         RM2111408.112
2022-09-12 11:51 DEBUG    main         RM2111408.122
2022-09-12 11:51 DEBUG    main         RM2111408.133
2022-09-12 11:51 DEBUG    main         RM2111408.143
2022-09-12 11:51 DEBUG    main         RM2111408.153
2022-09-12 11:51 DEBUG    main         RM2111408.163
2022-09-12 11:51 DEBUG    main         RM2111408.173
2022-09-12 11:51 DEBUG    main         RM2111408.183
2022-09-12 11:51 DEBUG    main         RM2111408.194
2022-09-12 11:51 DEBUG    main         RM2111408.204
2022-09-12 11:51 DEBUG    main         RM2111408.214
2022-09-12 11:51 DEBUG    main         RM2111408.224
2022-09-12 11:51 DEBUG    main         RM2111408.234
2022-09-12 11:51 DEBUG    main         RM2111408.244
2022-09-12 11:51 DEBUG    main         RM2111408.254
2022-09-12 11:51 DEBUG    main         RM2111408.265
2022-09-12 11:51 DEBUG    main         RM2111408.275
2022-09-12 11:51 DEBUG    main         RM2111408.285
2022-09-12 11:51 DEBUG    main         RM2111408.295
2022-09-12 11:51 DEBUG    main         RM2111408.305
2022-09-12 11:51 DEBUG    main         RM2111408.315
2022-09-12 11:51 DEBUG    main         RM2111408.330
2022-09-12 11:51 DEBUG    main         RM2111408.340
2022-09-12 11:51 DEBUG    main         RM2111408.350
2022-09-12 11:51 DEBUG    main         RM2111408.360
2022-09-12 11:51 DEBUG    main         RM2111408.370
2022-09-12 11:51 DEBUG    main         RM2111408.380
2022-09-12 11:51 DEBUG    main         RM2111408.390
2022-09-12 11:51 DEBUG    main         RM2111408.400
2022-09-12 11:51 DEBUG    main         RM2111408.411
2022-09-12 11:51 DEBUG    main         RM2111408.421
2022-09-12 11:51 DEBUG    main         RM2111408.431
2022-09-12 11:51 DEBUG    main         RM2111408.441
2022-09-12 11:51 DEBUG    main         RM2111408.451
2022-09-12 11:51 DEBUG    main         RM2111408.461
2022-09-12 11:51 DEBUG    main         RM2111408.472
2022-09-12 11:51 DEBUG    main         RM2111408.482
2022-09-12 11:51 DEBUG    main         RM2111408.492
2022-09-12 11:51 DEBUG    main         Raw dark files:
2022-09-12 11:51 DEBUG    main         RM2111406.544
2022-09-12 11:51 DEBUG    main         RM2111406.581
2022-09-12 11:51 DEBUG    main         RM2111407.013
2022-09-12 11:51 DEBUG    main         RM2111407.045
2022-09-12 11:51 DEBUG    main         SCC NetCDF file: 20210114ino0000.nc
2022-09-12 11:51 DEBUG    20210114ino0000 Successfully converted licel files to "20210114ino0000.nc"
2022-09-12 11:51 INFO     main         Converting and uploading measurement 2/15.
2022-09-12 11:51 DEBUG    main         Converting 65 licel files to SCC NetCDF format.
2022-09-12 11:51 DEBUG    main         Raw data files:
2022-09-12 11:51 DEBUG    main         RM2111408.502
2022-09-12 11:51 DEBUG    main         RM2111408.512
2022-09-12 11:51 DEBUG    main         RM2111408.522
2022-09-12 11:51 DEBUG    main         RM2111408.533
2022-09-12 11:51 DEBUG    main         RM2111408.543
2022-09-12 11:51 DEBUG    main         RM2111408.553
2022-09-12 11:51 DEBUG    main         RM2111408.563
2022-09-12 11:51 DEBUG    main         RM2111408.573
2022-09-12 11:51 DEBUG    main         RM2111408.583
2022-09-12 11:51 DEBUG    main         RM2111408.594
2022-09-12 11:51 DEBUG    main         RM2111409.004
2022-09-12 11:51 DEBUG    main         RM2111409.014
2022-09-12 11:51 DEBUG    main         RM2111409.024
2022-09-12 11:51 DEBUG    main         RM2111409.034
2022-09-12 11:51 DEBUG    main         RM2111409.044
2022-09-12 11:51 DEBUG    main         RM2111409.054
2022-09-12 11:51 DEBUG    main         RM2111409.065
2022-09-12 11:51 DEBUG    main         RM2111409.075
2022-09-12 11:51 DEBUG    main         RM2111409.085
2022-09-12 11:51 DEBUG    main         RM2111409.095
2022-09-12 11:51 DEBUG    main         RM2111409.105
2022-09-12 11:51 DEBUG    main         RM2111409.115
2022-09-12 11:51 DEBUG    main         RM2111409.130
2022-09-12 11:51 DEBUG    main         RM2111409.140
2022-09-12 11:51 DEBUG    main         RM2111409.150
2022-09-12 11:51 DEBUG    main         RM2111409.160
2022-09-12 11:51 DEBUG    main         RM2111409.170
2022-09-12 11:51 DEBUG    main         RM2111409.180
2022-09-12 11:51 DEBUG    main         RM2111409.191
2022-09-12 11:51 DEBUG    main         RM2111409.201
2022-09-12 11:51 DEBUG    main         RM2111409.211
2022-09-12 11:51 DEBUG    main         RM2111409.221
2022-09-12 11:51 DEBUG    main         RM2111409.231
2022-09-12 11:51 DEBUG    main         RM2111409.241
2022-09-12 11:51 DEBUG    main         RM2111409.252
2022-09-12 11:51 DEBUG    main         RM2111409.262
2022-09-12 11:51 DEBUG    main         RM2111409.272
2022-09-12 11:51 DEBUG    main         RM2111409.282
2022-09-12 11:51 DEBUG    main         RM2111409.292
2022-09-12 11:51 DEBUG    main         RM2111409.302
2022-09-12 11:51 DEBUG    main         RM2111409.313
2022-09-12 11:51 DEBUG    main         RM2111409.323
2022-09-12 11:51 DEBUG    main         RM2111409.333
2022-09-12 11:51 DEBUG    main         RM2111409.343
2022-09-12 11:51 DEBUG    main         RM2111409.353
2022-09-12 11:51 DEBUG    main         RM2111409.363
2022-09-12 11:51 DEBUG    main         RM2111409.374
2022-09-12 11:51 DEBUG    main         RM2111409.384
2022-09-12 11:51 DEBUG    main         RM2111409.394
2022-09-12 11:51 DEBUG    main         RM2111409.404
2022-09-12 11:51 DEBUG    main         RM2111409.414
2022-09-12 11:51 DEBUG    main         RM2111409.424
2022-09-12 11:51 DEBUG    main         RM2111409.435
2022-09-12 11:51 DEBUG    main         RM2111409.445
2022-09-12 11:51 DEBUG    main         RM2111409.455
2022-09-12 11:51 DEBUG    main         RM2111409.465
2022-09-12 11:51 DEBUG    main         RM2111409.475
2022-09-12 11:51 DEBUG    main         RM2111409.485
2022-09-12 11:51 DEBUG    main         RM2111409.495
2022-09-12 11:51 DEBUG    main         RM2111409.510
2022-09-12 11:51 DEBUG    main         RM2111409.520
2022-09-12 11:51 DEBUG    main         RM2111409.530
2022-09-12 11:51 DEBUG    main         RM2111409.540
2022-09-12 11:51 DEBUG    main         RM2111409.550
2022-09-12 11:51 DEBUG    main         RM2111409.560
2022-09-12 11:51 DEBUG    main         Raw dark files:
2022-09-12 11:51 DEBUG    main         RM2111406.544
2022-09-12 11:51 DEBUG    main         RM2111406.581
2022-09-12 11:51 DEBUG    main         RM2111407.013
2022-09-12 11:51 DEBUG    main         RM2111407.045
2022-09-12 11:51 DEBUG    main         SCC NetCDF file: 20210114ino0001.nc
2022-09-12 11:51 DEBUG    20210114ino0001 Successfully converted licel files to "20210114ino0001.nc"
2022-09-12 11:51 INFO     main         Converting and uploading measurement 3/15.
2022-09-12 11:51 DEBUG    main         Converting 67 licel files to SCC NetCDF format.
2022-09-12 11:51 DEBUG    main         Raw data files:
2022-09-12 11:51 DEBUG    main         RM2111507.564
2022-09-12 11:51 DEBUG    main         RM2111507.574
2022-09-12 11:51 DEBUG    main         RM2111507.584
2022-09-12 11:51 DEBUG    main         RM2111507.594
2022-09-12 11:51 DEBUG    main         RM2111508.004
2022-09-12 11:51 DEBUG    main         RM2111508.014
2022-09-12 11:51 DEBUG    main         RM2111508.025
2022-09-12 11:51 DEBUG    main         RM2111508.035
2022-09-12 11:51 DEBUG    main         RM2111508.045
2022-09-12 11:51 DEBUG    main         RM2111508.055
2022-09-12 11:51 DEBUG    main         RM2111508.065
2022-09-12 11:51 DEBUG    main         RM2111508.075
2022-09-12 11:51 DEBUG    main         RM2111508.090
2022-09-12 11:51 DEBUG    main         RM2111508.100
2022-09-12 11:51 DEBUG    main         RM2111508.110
2022-09-12 11:51 DEBUG    main         RM2111508.120
2022-09-12 11:51 DEBUG    main         RM2111508.130
2022-09-12 11:51 DEBUG    main         RM2111508.140
2022-09-12 11:51 DEBUG    main         RM2111508.151
2022-09-12 11:51 DEBUG    main         RM2111508.161
2022-09-12 11:51 DEBUG    main         RM2111508.171
2022-09-12 11:51 DEBUG    main         RM2111508.181
2022-09-12 11:51 DEBUG    main         RM2111508.191
2022-09-12 11:51 DEBUG    main         RM2111508.201
2022-09-12 11:51 DEBUG    main         RM2111508.211
2022-09-12 11:51 DEBUG    main         RM2111508.222
2022-09-12 11:51 DEBUG    main         RM2111508.232
2022-09-12 11:51 DEBUG    main         RM2111508.242
2022-09-12 11:51 DEBUG    main         RM2111508.252
2022-09-12 11:51 DEBUG    main         RM2111508.262
2022-09-12 11:51 DEBUG    main         RM2111508.272
2022-09-12 11:51 DEBUG    main         RM2111508.283
2022-09-12 11:51 DEBUG    main         RM2111508.293
2022-09-12 11:51 DEBUG    main         RM2111508.303
2022-09-12 11:51 DEBUG    main         RM2111508.313
2022-09-12 11:51 DEBUG    main         RM2111508.323
2022-09-12 11:51 DEBUG    main         RM2111508.333
2022-09-12 11:51 DEBUG    main         RM2111508.344
2022-09-12 11:51 DEBUG    main         RM2111508.354
2022-09-12 11:51 DEBUG    main         RM2111508.364
2022-09-12 11:51 DEBUG    main         RM2111508.374
2022-09-12 11:51 DEBUG    main         RM2111508.384
2022-09-12 11:51 DEBUG    main         RM2111508.394
2022-09-12 11:51 DEBUG    main         RM2111508.405
2022-09-12 11:51 DEBUG    main         RM2111508.415
2022-09-12 11:51 DEBUG    main         RM2111508.425
2022-09-12 11:51 DEBUG    main         RM2111508.435
2022-09-12 11:51 DEBUG    main         RM2111508.445
2022-09-12 11:51 DEBUG    main         RM2111508.455
2022-09-12 11:51 DEBUG    main         RM2111508.470
2022-09-12 11:51 DEBUG    main         RM2111508.480
2022-09-12 11:51 DEBUG    main         RM2111508.490
2022-09-12 11:51 DEBUG    main         RM2111508.500
2022-09-12 11:51 DEBUG    main         RM2111508.510
2022-09-12 11:51 DEBUG    main         RM2111508.520
2022-09-12 11:51 DEBUG    main         RM2111508.531
2022-09-12 11:51 DEBUG    main         RM2111508.541
2022-09-12 11:51 DEBUG    main         RM2111508.551
2022-09-12 11:51 DEBUG    main         RM2111508.561
2022-09-12 11:51 DEBUG    main         RM2111508.571
2022-09-12 11:51 DEBUG    main         RM2111508.581
2022-09-12 11:51 DEBUG    main         RM2111508.592
2022-09-12 11:51 DEBUG    main         RM2111509.002
2022-09-12 11:51 DEBUG    main         RM2111509.012
2022-09-12 11:51 DEBUG    main         RM2111509.022
2022-09-12 11:51 DEBUG    main         RM2111509.032
2022-09-12 11:51 DEBUG    main         RM2111509.042
2022-09-12 11:51 DEBUG    main         Raw dark files:
2022-09-12 11:51 DEBUG    main         RM2111507.543
2022-09-12 11:51 DEBUG    main         SCC NetCDF file: 20210115ino0000.nc
2022-09-12 11:51 DEBUG    20210115ino0000 Successfully converted licel files to "20210115ino0000.nc"
2022-09-12 11:51 INFO     main         Converting and uploading measurement 4/15.
2022-09-12 11:51 DEBUG    main         Converting 59 licel files to SCC NetCDF format.
2022-09-12 11:51 DEBUG    main         Raw data files:
2022-09-12 11:51 DEBUG    main         RM2111512.420
2022-09-12 11:51 DEBUG    main         RM2111512.430
2022-09-12 11:51 DEBUG    main         RM2111512.441
2022-09-12 11:51 DEBUG    main         RM2111512.451
2022-09-12 11:51 DEBUG    main         RM2111512.461
2022-09-12 11:51 DEBUG    main         RM2111512.471
2022-09-12 11:51 DEBUG    main         RM2111512.481
2022-09-12 11:51 DEBUG    main         RM2111512.491
2022-09-12 11:51 DEBUG    main         RM2111512.502
2022-09-12 11:51 DEBUG    main         RM2111512.512
2022-09-12 11:51 DEBUG    main         RM2111512.522
2022-09-12 11:51 DEBUG    main         RM2111512.532
2022-09-12 11:51 DEBUG    main         RM2111512.542
2022-09-12 11:51 DEBUG    main         RM2111512.552
2022-09-12 11:51 DEBUG    main         RM2111512.563
2022-09-12 11:51 DEBUG    main         RM2111512.573
2022-09-12 11:51 DEBUG    main         RM2111512.583
2022-09-12 11:51 DEBUG    main         RM2111512.593
2022-09-12 11:51 DEBUG    main         RM2111513.003
2022-09-12 11:51 DEBUG    main         RM2111513.013
2022-09-12 11:51 DEBUG    main         RM2111513.024
2022-09-12 11:51 DEBUG    main         RM2111513.034
2022-09-12 11:51 DEBUG    main         RM2111513.044
2022-09-12 11:51 DEBUG    main         RM2111513.054
2022-09-12 11:51 DEBUG    main         RM2111513.064
2022-09-12 11:51 DEBUG    main         RM2111513.074
2022-09-12 11:51 DEBUG    main         RM2111513.084
2022-09-12 11:51 DEBUG    main         RM2111513.095
2022-09-12 11:51 DEBUG    main         RM2111513.105
2022-09-12 11:51 DEBUG    main         RM2111513.115
2022-09-12 11:51 DEBUG    main         RM2111513.125
2022-09-12 11:51 DEBUG    main         RM2111513.135
2022-09-12 11:51 DEBUG    main         RM2111513.145
2022-09-12 11:51 DEBUG    main         RM2111513.160
2022-09-12 11:51 DEBUG    main         RM2111513.170
2022-09-12 11:51 DEBUG    main         RM2111513.180
2022-09-12 11:51 DEBUG    main         RM2111513.190
2022-09-12 11:51 DEBUG    main         RM2111513.200
2022-09-12 11:51 DEBUG    main         RM2111513.210
2022-09-12 11:51 DEBUG    main         RM2111513.221
2022-09-12 11:51 DEBUG    main         RM2111513.231
2022-09-12 11:51 DEBUG    main         RM2111513.241
2022-09-12 11:51 DEBUG    main         RM2111513.251
2022-09-12 11:51 DEBUG    main         RM2111513.261
2022-09-12 11:51 DEBUG    main         RM2111513.271
2022-09-12 11:51 DEBUG    main         RM2111513.282
2022-09-12 11:51 DEBUG    main         RM2111513.292
2022-09-12 11:51 DEBUG    main         RM2111513.302
2022-09-12 11:51 DEBUG    main         RM2111513.312
2022-09-12 11:51 DEBUG    main         RM2111513.322
2022-09-12 11:51 DEBUG    main         RM2111513.332
2022-09-12 11:51 DEBUG    main         RM2111513.343
2022-09-12 11:51 DEBUG    main         RM2111513.353
2022-09-12 11:51 DEBUG    main         RM2111513.363
2022-09-12 11:51 DEBUG    main         RM2111513.373
2022-09-12 11:51 DEBUG    main         RM2111513.383
2022-09-12 11:51 DEBUG    main         RM2111513.393
2022-09-12 11:51 DEBUG    main         RM2111513.404
2022-09-12 11:51 DEBUG    main         RM2111513.414
2022-09-12 11:51 DEBUG    main         Raw dark files:
2022-09-12 11:51 DEBUG    main         RM2111507.543
2022-09-12 11:51 DEBUG    main         SCC NetCDF file: 20210115ino0001.nc
2022-09-12 11:51 DEBUG    20210115ino0001 Successfully converted licel files to "20210115ino0001.nc"
2022-09-12 11:51 INFO     main         Converting and uploading measurement 5/15.
2022-09-12 11:51 DEBUG    main         Converting 59 licel files to SCC NetCDF format.
2022-09-12 11:51 DEBUG    main         Raw data files:
2022-09-12 11:51 DEBUG    main         RM2111513.424
2022-09-12 11:51 DEBUG    main         RM2111513.434
2022-09-12 11:51 DEBUG    main         RM2111513.444
2022-09-12 11:51 DEBUG    main         RM2111513.454
2022-09-12 11:51 DEBUG    main         RM2111513.465
2022-09-12 11:51 DEBUG    main         RM2111513.475
2022-09-12 11:51 DEBUG    main         RM2111513.485
2022-09-12 11:51 DEBUG    main         RM2111513.495
2022-09-12 11:51 DEBUG    main         RM2111513.505
2022-09-12 11:51 DEBUG    main         RM2111513.515
2022-09-12 11:51 DEBUG    main         RM2111513.530
2022-09-12 11:51 DEBUG    main         RM2111513.540
2022-09-12 11:51 DEBUG    main         RM2111513.550
2022-09-12 11:51 DEBUG    main         RM2111513.560
2022-09-12 11:51 DEBUG    main         RM2111513.570
2022-09-12 11:51 DEBUG    main         RM2111513.580
2022-09-12 11:51 DEBUG    main         RM2111513.590
2022-09-12 11:51 DEBUG    main         RM2111514.001
2022-09-12 11:51 DEBUG    main         RM2111514.011
2022-09-12 11:51 DEBUG    main         RM2111514.021
2022-09-12 11:51 DEBUG    main         RM2111514.031
2022-09-12 11:51 DEBUG    main         RM2111514.041
2022-09-12 11:51 DEBUG    main         RM2111514.051
2022-09-12 11:51 DEBUG    main         RM2111514.062
2022-09-12 11:51 DEBUG    main         RM2111514.072
2022-09-12 11:51 DEBUG    main         RM2111514.082
2022-09-12 11:51 DEBUG    main         RM2111514.092
2022-09-12 11:51 DEBUG    main         RM2111514.102
2022-09-12 11:51 DEBUG    main         RM2111514.112
2022-09-12 11:51 DEBUG    main         RM2111514.123
2022-09-12 11:51 DEBUG    main         RM2111514.133
2022-09-12 11:51 DEBUG    main         RM2111514.143
2022-09-12 11:51 DEBUG    main         RM2111514.153
2022-09-12 11:51 DEBUG    main         RM2111514.163
2022-09-12 11:51 DEBUG    main         RM2111514.173
2022-09-12 11:51 DEBUG    main         RM2111514.184
2022-09-12 11:51 DEBUG    main         RM2111514.194
2022-09-12 11:51 DEBUG    main         RM2111514.204
2022-09-12 11:51 DEBUG    main         RM2111514.214
2022-09-12 11:51 DEBUG    main         RM2111514.224
2022-09-12 11:51 DEBUG    main         RM2111514.234
2022-09-12 11:51 DEBUG    main         RM2111514.245
2022-09-12 11:51 DEBUG    main         RM2111514.255
2022-09-12 11:51 DEBUG    main         RM2111514.265
2022-09-12 11:51 DEBUG    main         RM2111514.275
2022-09-12 11:51 DEBUG    main         RM2111514.285
2022-09-12 11:51 DEBUG    main         RM2111514.295
2022-09-12 11:51 DEBUG    main         RM2111514.310
2022-09-12 11:51 DEBUG    main         RM2111514.320
2022-09-12 11:51 DEBUG    main         RM2111514.330
2022-09-12 11:51 DEBUG    main         RM2111514.340
2022-09-12 11:51 DEBUG    main         RM2111514.350
2022-09-12 11:51 DEBUG    main         RM2111514.360
2022-09-12 11:51 DEBUG    main         RM2111514.371
2022-09-12 11:51 DEBUG    main         RM2111514.381
2022-09-12 11:51 DEBUG    main         RM2111514.391
2022-09-12 11:51 DEBUG    main         RM2111514.401
2022-09-12 11:51 DEBUG    main         RM2111514.411
2022-09-12 11:51 DEBUG    main         RM2111514.421
2022-09-12 11:51 DEBUG    main         Raw dark files:
2022-09-12 11:51 DEBUG    main         RM2111507.543
2022-09-12 11:51 DEBUG    main         SCC NetCDF file: 20210115ino0002.nc
2022-09-12 11:51 DEBUG    20210115ino0002 Successfully converted licel files to "20210115ino0002.nc"
2022-09-12 11:51 INFO     main         Converting and uploading measurement 6/15.
2022-09-12 11:51 DEBUG    main         Converting 46 licel files to SCC NetCDF format.
2022-09-12 11:51 DEBUG    main         Raw data files:
2022-09-12 11:51 DEBUG    main         RM2111514.432
2022-09-12 11:51 DEBUG    main         RM2111514.442
2022-09-12 11:51 DEBUG    main         RM2111514.452
2022-09-12 11:51 DEBUG    main         RM2111514.462
2022-09-12 11:51 DEBUG    main         RM2111514.472
2022-09-12 11:51 DEBUG    main         RM2111514.482
2022-09-12 11:51 DEBUG    main         RM2111514.492
2022-09-12 11:51 DEBUG    main         RM2111514.503
2022-09-12 11:51 DEBUG    main         RM2111514.513
2022-09-12 11:51 DEBUG    main         RM2111514.523
2022-09-12 11:51 DEBUG    main         RM2111514.533
2022-09-12 11:51 DEBUG    main         RM2111514.543
2022-09-12 11:51 DEBUG    main         RM2111514.553
2022-09-12 11:51 DEBUG    main         RM2111514.564
2022-09-12 11:51 DEBUG    main         RM2111514.574
2022-09-12 11:51 DEBUG    main         RM2111514.584
2022-09-12 11:51 DEBUG    main         RM2111514.594
2022-09-12 11:51 DEBUG    main         RM2111515.004
2022-09-12 11:51 DEBUG    main         RM2111515.014
2022-09-12 11:51 DEBUG    main         RM2111515.025
2022-09-12 11:51 DEBUG    main         RM2111515.035
2022-09-12 11:51 DEBUG    main         RM2111515.045
2022-09-12 11:51 DEBUG    main         RM2111515.055
2022-09-12 11:51 DEBUG    main         RM2111515.065
2022-09-12 11:51 DEBUG    main         RM2111515.075
2022-09-12 11:51 DEBUG    main         RM2111515.090
2022-09-12 11:51 DEBUG    main         RM2111515.100
2022-09-12 11:51 DEBUG    main         RM2111515.110
2022-09-12 11:51 DEBUG    main         RM2111515.120
2022-09-12 11:51 DEBUG    main         RM2111515.130
2022-09-12 11:51 DEBUG    main         RM2111515.140
2022-09-12 11:51 DEBUG    main         RM2111515.151
2022-09-12 11:51 DEBUG    main         RM2111515.161
2022-09-12 11:51 DEBUG    main         RM2111515.171
2022-09-12 11:51 DEBUG    main         RM2111515.181
2022-09-12 11:51 DEBUG    main         RM2111515.191
2022-09-12 11:51 DEBUG    main         RM2111515.201
2022-09-12 11:51 DEBUG    main         RM2111515.212
2022-09-12 11:51 DEBUG    main         RM2111515.222
2022-09-12 11:51 DEBUG    main         RM2111515.232
2022-09-12 11:51 DEBUG    main         RM2111515.242
2022-09-12 11:51 DEBUG    main         RM2111515.252
2022-09-12 11:51 DEBUG    main         RM2111515.262
2022-09-12 11:51 DEBUG    main         RM2111515.273
2022-09-12 11:51 DEBUG    main         RM2111515.283
2022-09-12 11:51 DEBUG    main         RM2111515.293
2022-09-12 11:51 DEBUG    main         Raw dark files:
2022-09-12 11:51 DEBUG    main         RM2111507.543
2022-09-12 11:51 DEBUG    main         SCC NetCDF file: 20210115ino0003.nc
2022-09-12 11:51 DEBUG    20210115ino0003 Successfully converted licel files to "20210115ino0003.nc"
2022-09-12 11:51 INFO     main         Converting and uploading measurement 7/15.
2022-09-12 11:51 DEBUG    main         Converting 58 licel files to SCC NetCDF format.
2022-09-12 11:51 DEBUG    main         Raw data files:
2022-09-12 11:51 DEBUG    main         RM2111515.404
2022-09-12 11:51 DEBUG    main         RM2111515.414
2022-09-12 11:51 DEBUG    main         RM2111515.425
2022-09-12 11:51 DEBUG    main         RM2111515.435
2022-09-12 11:51 DEBUG    main         RM2111515.445
2022-09-12 11:51 DEBUG    main         RM2111515.455
2022-09-12 11:51 DEBUG    main         RM2111515.470
2022-09-12 11:51 DEBUG    main         RM2111515.480
2022-09-12 11:51 DEBUG    main         RM2111515.490
2022-09-12 11:51 DEBUG    main         RM2111515.500
2022-09-12 11:51 DEBUG    main         RM2111515.511
2022-09-12 11:51 DEBUG    main         RM2111515.521
2022-09-12 11:51 DEBUG    main         RM2111515.531
2022-09-12 11:51 DEBUG    main         RM2111515.541
2022-09-12 11:51 DEBUG    main         RM2111515.552
2022-09-12 11:51 DEBUG    main         RM2111515.562
2022-09-12 11:51 DEBUG    main         RM2111515.572
2022-09-12 11:51 DEBUG    main         RM2111515.582
2022-09-12 11:51 DEBUG    main         RM2111515.593
2022-09-12 11:51 DEBUG    main         RM2111516.003
2022-09-12 11:51 DEBUG    main         RM2111516.013
2022-09-12 11:51 DEBUG    main         RM2111516.023
2022-09-12 11:51 DEBUG    main         RM2111516.033
2022-09-12 11:51 DEBUG    main         RM2111516.044
2022-09-12 11:51 DEBUG    main         RM2111516.054
2022-09-12 11:51 DEBUG    main         RM2111516.064
2022-09-12 11:51 DEBUG    main         RM2111516.074
2022-09-12 11:51 DEBUG    main         RM2111516.085
2022-09-12 11:51 DEBUG    main         RM2111516.095
2022-09-12 11:51 DEBUG    main         RM2111516.105
2022-09-12 11:51 DEBUG    main         RM2111516.115
2022-09-12 11:51 DEBUG    main         RM2111516.130
2022-09-12 11:51 DEBUG    main         RM2111516.140
2022-09-12 11:51 DEBUG    main         RM2111516.150
2022-09-12 11:51 DEBUG    main         RM2111516.160
2022-09-12 11:51 DEBUG    main         RM2111516.171
2022-09-12 11:51 DEBUG    main         RM2111516.181
2022-09-12 11:51 DEBUG    main         RM2111516.191
2022-09-12 11:51 DEBUG    main         RM2111516.201
2022-09-12 11:51 DEBUG    main         RM2111516.212
2022-09-12 11:51 DEBUG    main         RM2111516.222
2022-09-12 11:51 DEBUG    main         RM2111516.232
2022-09-12 11:51 DEBUG    main         RM2111516.242
2022-09-12 11:51 DEBUG    main         RM2111516.252
2022-09-12 11:51 DEBUG    main         RM2111516.263
2022-09-12 11:51 DEBUG    main         RM2111516.273
2022-09-12 11:51 DEBUG    main         RM2111516.283
2022-09-12 11:51 DEBUG    main         RM2111516.293
2022-09-12 11:51 DEBUG    main         RM2111516.304
2022-09-12 11:51 DEBUG    main         RM2111516.314
2022-09-12 11:51 DEBUG    main         RM2111516.324
2022-09-12 11:51 DEBUG    main         RM2111516.334
2022-09-12 11:51 DEBUG    main         RM2111516.345
2022-09-12 11:51 DEBUG    main         RM2111516.355
2022-09-12 11:51 DEBUG    main         RM2111516.365
2022-09-12 11:51 DEBUG    main         RM2111516.375
2022-09-12 11:51 DEBUG    main         RM2111516.390
2022-09-12 11:51 DEBUG    main         RM2111516.400
2022-09-12 11:51 DEBUG    main         Raw dark files:
2022-09-12 11:51 DEBUG    main         RM2111515.383
2022-09-12 11:51 DEBUG    main         SCC NetCDF file: 20210115ino0004.nc
2022-09-12 11:51 DEBUG    20210115ino0004 Successfully converted licel files to "20210115ino0004.nc"
2022-09-12 11:51 INFO     main         Converting and uploading measurement 8/15.
2022-09-12 11:51 DEBUG    main         Converting 58 licel files to SCC NetCDF format.
2022-09-12 11:52 DEBUG    main         Raw data files:
2022-09-12 11:52 DEBUG    main         RM2111516.410
2022-09-12 11:52 DEBUG    main         RM2111516.420
2022-09-12 11:52 DEBUG    main         RM2111516.431
2022-09-12 11:52 DEBUG    main         RM2111516.441
2022-09-12 11:52 DEBUG    main         RM2111516.451
2022-09-12 11:52 DEBUG    main         RM2111516.461
2022-09-12 11:52 DEBUG    main         RM2111516.471
2022-09-12 11:52 DEBUG    main         RM2111516.482
2022-09-12 11:52 DEBUG    main         RM2111516.492
2022-09-12 11:52 DEBUG    main         RM2111516.502
2022-09-12 11:52 DEBUG    main         RM2111516.512
2022-09-12 11:52 DEBUG    main         RM2111516.523
2022-09-12 11:52 DEBUG    main         RM2111516.533
2022-09-12 11:52 DEBUG    main         RM2111516.543
2022-09-12 11:52 DEBUG    main         RM2111516.553
2022-09-12 11:52 DEBUG    main         RM2111516.564
2022-09-12 11:52 DEBUG    main         RM2111516.574
2022-09-12 11:52 DEBUG    main         RM2111516.584
2022-09-12 11:52 DEBUG    main         RM2111516.594
2022-09-12 11:52 DEBUG    main         RM2111517.005
2022-09-12 11:52 DEBUG    main         RM2111517.015
2022-09-12 11:52 DEBUG    main         RM2111517.025
2022-09-12 11:52 DEBUG    main         RM2111517.035
2022-09-12 11:52 DEBUG    main         RM2111517.050
2022-09-12 11:52 DEBUG    main         RM2111517.060
2022-09-12 11:52 DEBUG    main         RM2111517.070
2022-09-12 11:52 DEBUG    main         RM2111517.080
2022-09-12 11:52 DEBUG    main         RM2111517.090
2022-09-12 11:52 DEBUG    main         RM2111517.101
2022-09-12 11:52 DEBUG    main         RM2111517.111
2022-09-12 11:52 DEBUG    main         RM2111517.121
2022-09-12 11:52 DEBUG    main         RM2111517.131
2022-09-12 11:52 DEBUG    main         RM2111517.142
2022-09-12 11:52 DEBUG    main         RM2111517.152
2022-09-12 11:52 DEBUG    main         RM2111517.162
2022-09-12 11:52 DEBUG    main         RM2111517.172
2022-09-12 11:52 DEBUG    main         RM2111517.183
2022-09-12 11:52 DEBUG    main         RM2111517.193
2022-09-12 11:52 DEBUG    main         RM2111517.203
2022-09-12 11:52 DEBUG    main         RM2111517.213
2022-09-12 11:52 DEBUG    main         RM2111517.224
2022-09-12 11:52 DEBUG    main         RM2111517.234
2022-09-12 11:52 DEBUG    main         RM2111517.244
2022-09-12 11:52 DEBUG    main         RM2111517.254
2022-09-12 11:52 DEBUG    main         RM2111517.265
2022-09-12 11:52 DEBUG    main         RM2111517.275
2022-09-12 11:52 DEBUG    main         RM2111517.285
2022-09-12 11:52 DEBUG    main         RM2111517.295
2022-09-12 11:52 DEBUG    main         RM2111517.305
2022-09-12 11:52 DEBUG    main         RM2111517.320
2022-09-12 11:52 DEBUG    main         RM2111517.330
2022-09-12 11:52 DEBUG    main         RM2111517.340
2022-09-12 11:52 DEBUG    main         RM2111517.350
2022-09-12 11:52 DEBUG    main         RM2111517.361
2022-09-12 11:52 DEBUG    main         RM2111517.371
2022-09-12 11:52 DEBUG    main         RM2111517.381
2022-09-12 11:52 DEBUG    main         RM2111517.391
2022-09-12 11:52 DEBUG    main         RM2111517.402
2022-09-12 11:52 DEBUG    main         Raw dark files:
2022-09-12 11:52 DEBUG    main         RM2111515.383
2022-09-12 11:52 DEBUG    main         SCC NetCDF file: 20210115ino0005.nc
2022-09-12 11:52 DEBUG    20210115ino0005 Successfully converted licel files to "20210115ino0005.nc"
2022-09-12 11:52 INFO     main         Converting and uploading measurement 9/15.
2022-09-12 11:52 DEBUG    main         Converting 58 licel files to SCC NetCDF format.
2022-09-12 11:52 DEBUG    main         Raw data files:
2022-09-12 11:52 DEBUG    main         RM2111517.412
2022-09-12 11:52 DEBUG    main         RM2111517.422
2022-09-12 11:52 DEBUG    main         RM2111517.432
2022-09-12 11:52 DEBUG    main         RM2111517.443
2022-09-12 11:52 DEBUG    main         RM2111517.453
2022-09-12 11:52 DEBUG    main         RM2111517.463
2022-09-12 11:52 DEBUG    main         RM2111517.473
2022-09-12 11:52 DEBUG    main         RM2111517.484
2022-09-12 11:52 DEBUG    main         RM2111517.494
2022-09-12 11:52 DEBUG    main         RM2111517.504
2022-09-12 11:52 DEBUG    main         RM2111517.514
2022-09-12 11:52 DEBUG    main         RM2111517.524
2022-09-12 11:52 DEBUG    main         RM2111517.535
2022-09-12 11:52 DEBUG    main         RM2111517.545
2022-09-12 11:52 DEBUG    main         RM2111517.555
2022-09-12 11:52 DEBUG    main         RM2111517.565
2022-09-12 11:52 DEBUG    main         RM2111517.580
2022-09-12 11:52 DEBUG    main         RM2111517.590
2022-09-12 11:52 DEBUG    main         RM2111518.000
2022-09-12 11:52 DEBUG    main         RM2111518.010
2022-09-12 11:52 DEBUG    main         RM2111518.021
2022-09-12 11:52 DEBUG    main         RM2111518.031
2022-09-12 11:52 DEBUG    main         RM2111518.041
2022-09-12 11:52 DEBUG    main         RM2111518.051
2022-09-12 11:52 DEBUG    main         RM2111518.062
2022-09-12 11:52 DEBUG    main         RM2111518.072
2022-09-12 11:52 DEBUG    main         RM2111518.082
2022-09-12 11:52 DEBUG    main         RM2111518.092
2022-09-12 11:52 DEBUG    main         RM2111518.103
2022-09-12 11:52 DEBUG    main         RM2111518.113
2022-09-12 11:52 DEBUG    main         RM2111518.123
2022-09-12 11:52 DEBUG    main         RM2111518.133
2022-09-12 11:52 DEBUG    main         RM2111518.144
2022-09-12 11:52 DEBUG    main         RM2111518.154
2022-09-12 11:52 DEBUG    main         RM2111518.164
2022-09-12 11:52 DEBUG    main         RM2111518.174
2022-09-12 11:52 DEBUG    main         RM2111518.184
2022-09-12 11:52 DEBUG    main         RM2111518.195
2022-09-12 11:52 DEBUG    main         RM2111518.205
2022-09-12 11:52 DEBUG    main         RM2111518.215
2022-09-12 11:52 DEBUG    main         RM2111518.225
2022-09-12 11:52 DEBUG    main         RM2111518.240
2022-09-12 11:52 DEBUG    main         RM2111518.250
2022-09-12 11:52 DEBUG    main         RM2111518.260
2022-09-12 11:52 DEBUG    main         RM2111518.270
2022-09-12 11:52 DEBUG    main         RM2111518.281
2022-09-12 11:52 DEBUG    main         RM2111518.291
2022-09-12 11:52 DEBUG    main         RM2111518.301
2022-09-12 11:52 DEBUG    main         RM2111518.311
2022-09-12 11:52 DEBUG    main         RM2111518.322
2022-09-12 11:52 DEBUG    main         RM2111518.332
2022-09-12 11:52 DEBUG    main         RM2111518.342
2022-09-12 11:52 DEBUG    main         RM2111518.352
2022-09-12 11:52 DEBUG    main         RM2111518.363
2022-09-12 11:52 DEBUG    main         RM2111518.373
2022-09-12 11:52 DEBUG    main         RM2111518.383
2022-09-12 11:52 DEBUG    main         RM2111518.393
2022-09-12 11:52 DEBUG    main         RM2111518.403
2022-09-12 11:52 DEBUG    main         Raw dark files:
2022-09-12 11:52 DEBUG    main         RM2111515.383
2022-09-12 11:52 DEBUG    main         SCC NetCDF file: 20210115ino0006.nc
2022-09-12 11:52 DEBUG    20210115ino0006 Successfully converted licel files to "20210115ino0006.nc"
2022-09-12 11:52 INFO     main         Converting and uploading measurement 10/15.
2022-09-12 11:52 DEBUG    main         Converting 58 licel files to SCC NetCDF format.
2022-09-12 11:52 DEBUG    main         Raw data files:
2022-09-12 11:52 DEBUG    main         RM2111518.414
2022-09-12 11:52 DEBUG    main         RM2111518.424
2022-09-12 11:52 DEBUG    main         RM2111518.434
2022-09-12 11:52 DEBUG    main         RM2111518.444
2022-09-12 11:52 DEBUG    main         RM2111518.455
2022-09-12 11:52 DEBUG    main         RM2111518.465
2022-09-12 11:52 DEBUG    main         RM2111518.475
2022-09-12 11:52 DEBUG    main         RM2111518.485
2022-09-12 11:52 DEBUG    main         RM2111518.500
2022-09-12 11:52 DEBUG    main         RM2111518.510
2022-09-12 11:52 DEBUG    main         RM2111518.520
2022-09-12 11:52 DEBUG    main         RM2111518.530
2022-09-12 11:52 DEBUG    main         RM2111518.541
2022-09-12 11:52 DEBUG    main         RM2111518.551
2022-09-12 11:52 DEBUG    main         RM2111518.561
2022-09-12 11:52 DEBUG    main         RM2111518.571
2022-09-12 11:52 DEBUG    main         RM2111518.582
2022-09-12 11:52 DEBUG    main         RM2111518.592
2022-09-12 11:52 DEBUG    main         RM2111519.002
2022-09-12 11:52 DEBUG    main         RM2111519.012
2022-09-12 11:52 DEBUG    main         RM2111519.022
2022-09-12 11:52 DEBUG    main         RM2111519.033
2022-09-12 11:52 DEBUG    main         RM2111519.043
2022-09-12 11:52 DEBUG    main         RM2111519.053
2022-09-12 11:52 DEBUG    main         RM2111519.063
2022-09-12 11:52 DEBUG    main         RM2111519.074
2022-09-12 11:52 DEBUG    main         RM2111519.084
2022-09-12 11:52 DEBUG    main         RM2111519.094
2022-09-12 11:52 DEBUG    main         RM2111519.104
2022-09-12 11:52 DEBUG    main         RM2111519.115
2022-09-12 11:52 DEBUG    main         RM2111519.125
2022-09-12 11:52 DEBUG    main         RM2111519.135
2022-09-12 11:52 DEBUG    main         RM2111519.145
2022-09-12 11:52 DEBUG    main         RM2111519.160
2022-09-12 11:52 DEBUG    main         RM2111519.170
2022-09-12 11:52 DEBUG    main         RM2111519.180
2022-09-12 11:52 DEBUG    main         RM2111519.190
2022-09-12 11:52 DEBUG    main         RM2111519.201
2022-09-12 11:52 DEBUG    main         RM2111519.211
2022-09-12 11:52 DEBUG    main         RM2111519.221
2022-09-12 11:52 DEBUG    main         RM2111519.231
2022-09-12 11:52 DEBUG    main         RM2111519.241
2022-09-12 11:52 DEBUG    main         RM2111519.252
2022-09-12 11:52 DEBUG    main         RM2111519.262
2022-09-12 11:52 DEBUG    main         RM2111519.272
2022-09-12 11:52 DEBUG    main         RM2111519.282
2022-09-12 11:52 DEBUG    main         RM2111519.293
2022-09-12 11:52 DEBUG    main         RM2111519.303
2022-09-12 11:52 DEBUG    main         RM2111519.313
2022-09-12 11:52 DEBUG    main         RM2111519.323
2022-09-12 11:52 DEBUG    main         RM2111519.334
2022-09-12 11:52 DEBUG    main         RM2111519.344
2022-09-12 11:52 DEBUG    main         RM2111519.354
2022-09-12 11:52 DEBUG    main         RM2111519.364
2022-09-12 11:52 DEBUG    main         RM2111519.375
2022-09-12 11:52 DEBUG    main         RM2111519.385
2022-09-12 11:52 DEBUG    main         RM2111519.395
2022-09-12 11:52 DEBUG    main         RM2111519.405
2022-09-12 11:52 DEBUG    main         Raw dark files:
2022-09-12 11:52 DEBUG    main         RM2111515.383
2022-09-12 11:52 DEBUG    main         SCC NetCDF file: 20210115ino0007.nc
2022-09-12 11:52 DEBUG    20210115ino0007 Successfully converted licel files to "20210115ino0007.nc"
2022-09-12 11:52 INFO     main         Converting and uploading measurement 11/15.
2022-09-12 11:52 DEBUG    main         Converting 58 licel files to SCC NetCDF format.
2022-09-12 11:52 DEBUG    main         Raw data files:
2022-09-12 11:52 DEBUG    main         RM2111519.420
2022-09-12 11:52 DEBUG    main         RM2111519.430
2022-09-12 11:52 DEBUG    main         RM2111519.440
2022-09-12 11:52 DEBUG    main         RM2111519.450
2022-09-12 11:52 DEBUG    main         RM2111519.460
2022-09-12 11:52 DEBUG    main         RM2111519.471
2022-09-12 11:52 DEBUG    main         RM2111519.481
2022-09-12 11:52 DEBUG    main         RM2111519.491
2022-09-12 11:52 DEBUG    main         RM2111519.501
2022-09-12 11:52 DEBUG    main         RM2111519.512
2022-09-12 11:52 DEBUG    main         RM2111519.522
2022-09-12 11:52 DEBUG    main         RM2111519.532
2022-09-12 11:52 DEBUG    main         RM2111519.542
2022-09-12 11:52 DEBUG    main         RM2111519.553
2022-09-12 11:52 DEBUG    main         RM2111519.563
2022-09-12 11:52 DEBUG    main         RM2111519.573
2022-09-12 11:52 DEBUG    main         RM2111519.583
2022-09-12 11:52 DEBUG    main         RM2111519.594
2022-09-12 11:52 DEBUG    main         RM2111520.004
2022-09-12 11:52 DEBUG    main         RM2111520.014
2022-09-12 11:52 DEBUG    main         RM2111520.024
2022-09-12 11:52 DEBUG    main         RM2111520.035
2022-09-12 11:52 DEBUG    main         RM2111520.045
2022-09-12 11:52 DEBUG    main         RM2111520.055
2022-09-12 11:52 DEBUG    main         RM2111520.065
2022-09-12 11:52 DEBUG    main         RM2111520.075
2022-09-12 11:52 DEBUG    main         RM2111520.090
2022-09-12 11:52 DEBUG    main         RM2111520.100
2022-09-12 11:52 DEBUG    main         RM2111520.110
2022-09-12 11:52 DEBUG    main         RM2111520.120
2022-09-12 11:52 DEBUG    main         RM2111520.131
2022-09-12 11:52 DEBUG    main         RM2111520.141
2022-09-12 11:52 DEBUG    main         RM2111520.151
2022-09-12 11:52 DEBUG    main         RM2111520.161
2022-09-12 11:52 DEBUG    main         RM2111520.172
2022-09-12 11:52 DEBUG    main         RM2111520.182
2022-09-12 11:52 DEBUG    main         RM2111520.192
2022-09-12 11:52 DEBUG    main         RM2111520.202
2022-09-12 11:52 DEBUG    main         RM2111520.213
2022-09-12 11:52 DEBUG    main         RM2111520.223
2022-09-12 11:52 DEBUG    main         RM2111520.233
2022-09-12 11:52 DEBUG    main         RM2111520.243
2022-09-12 11:52 DEBUG    main         RM2111520.254
2022-09-12 11:52 DEBUG    main         RM2111520.264
2022-09-12 11:52 DEBUG    main         RM2111520.274
2022-09-12 11:52 DEBUG    main         RM2111520.284
2022-09-12 11:52 DEBUG    main         RM2111520.294
2022-09-12 11:52 DEBUG    main         RM2111520.305
2022-09-12 11:52 DEBUG    main         RM2111520.315
2022-09-12 11:52 DEBUG    main         RM2111520.325
2022-09-12 11:52 DEBUG    main         RM2111520.335
2022-09-12 11:52 DEBUG    main         RM2111520.350
2022-09-12 11:52 DEBUG    main         RM2111520.360
2022-09-12 11:52 DEBUG    main         RM2111520.370
2022-09-12 11:52 DEBUG    main         RM2111520.380
2022-09-12 11:52 DEBUG    main         RM2111520.391
2022-09-12 11:52 DEBUG    main         RM2111520.401
2022-09-12 11:52 DEBUG    main         RM2111520.411
2022-09-12 11:52 DEBUG    main         Raw dark files:
2022-09-12 11:52 DEBUG    main         RM2111515.383
2022-09-12 11:52 DEBUG    main         SCC NetCDF file: 20210115ino0008.nc
2022-09-12 11:52 DEBUG    20210115ino0008 Successfully converted licel files to "20210115ino0008.nc"
2022-09-12 11:52 INFO     main         Converting and uploading measurement 12/15.
2022-09-12 11:52 DEBUG    main         Converting 53 licel files to SCC NetCDF format.
2022-09-12 11:53 DEBUG    main         Raw data files:
2022-09-12 11:53 DEBUG    main         RM2111520.421
2022-09-12 11:53 DEBUG    main         RM2111520.432
2022-09-12 11:53 DEBUG    main         RM2111520.442
2022-09-12 11:53 DEBUG    main         RM2111520.452
2022-09-12 11:53 DEBUG    main         RM2111520.462
2022-09-12 11:53 DEBUG    main         RM2111520.473
2022-09-12 11:53 DEBUG    main         RM2111520.483
2022-09-12 11:53 DEBUG    main         RM2111520.493
2022-09-12 11:53 DEBUG    main         RM2111520.503
2022-09-12 11:53 DEBUG    main         RM2111520.513
2022-09-12 11:53 DEBUG    main         RM2111520.524
2022-09-12 11:53 DEBUG    main         RM2111520.534
2022-09-12 11:53 DEBUG    main         RM2111520.544
2022-09-12 11:53 DEBUG    main         RM2111520.554
2022-09-12 11:53 DEBUG    main         RM2111520.565
2022-09-12 11:53 DEBUG    main         RM2111520.575
2022-09-12 11:53 DEBUG    main         RM2111520.585
2022-09-12 11:53 DEBUG    main         RM2111520.595
2022-09-12 11:53 DEBUG    main         RM2111521.010
2022-09-12 11:53 DEBUG    main         RM2111521.020
2022-09-12 11:53 DEBUG    main         RM2111521.030
2022-09-12 11:53 DEBUG    main         RM2111521.040
2022-09-12 11:53 DEBUG    main         RM2111521.051
2022-09-12 11:53 DEBUG    main         RM2111521.061
2022-09-12 11:53 DEBUG    main         RM2111521.071
2022-09-12 11:53 DEBUG    main         RM2111521.081
2022-09-12 11:53 DEBUG    main         RM2111521.092
2022-09-12 11:53 DEBUG    main         RM2111521.102
2022-09-12 11:53 DEBUG    main         RM2111521.112
2022-09-12 11:53 DEBUG    main         RM2111521.122
2022-09-12 11:53 DEBUG    main         RM2111521.132
2022-09-12 11:53 DEBUG    main         RM2111521.143
2022-09-12 11:53 DEBUG    main         RM2111521.153
2022-09-12 11:53 DEBUG    main         RM2111521.163
2022-09-12 11:53 DEBUG    main         RM2111521.173
2022-09-12 11:53 DEBUG    main         RM2111521.184
2022-09-12 11:53 DEBUG    main         RM2111521.194
2022-09-12 11:53 DEBUG    main         RM2111521.204
2022-09-12 11:53 DEBUG    main         RM2111521.214
2022-09-12 11:53 DEBUG    main         RM2111521.225
2022-09-12 11:53 DEBUG    main         RM2111521.235
2022-09-12 11:53 DEBUG    main         RM2111521.245
2022-09-12 11:53 DEBUG    main         RM2111521.255
2022-09-12 11:53 DEBUG    main         RM2111521.270
2022-09-12 11:53 DEBUG    main         RM2111521.280
2022-09-12 11:53 DEBUG    main         RM2111521.290
2022-09-12 11:53 DEBUG    main         RM2111521.300
2022-09-12 11:53 DEBUG    main         RM2111521.311
2022-09-12 11:53 DEBUG    main         RM2111521.321
2022-09-12 11:53 DEBUG    main         RM2111521.331
2022-09-12 11:53 DEBUG    main         RM2111521.341
2022-09-12 11:53 DEBUG    main         RM2111521.352
2022-09-12 11:53 DEBUG    main         RM2111521.362
2022-09-12 11:53 DEBUG    main         Raw dark files:
2022-09-12 11:53 DEBUG    main         RM2111515.383
2022-09-12 11:53 DEBUG    main         SCC NetCDF file: 20210115ino0009.nc
2022-09-12 11:53 DEBUG    20210115ino0009 Successfully converted licel files to "20210115ino0009.nc"
2022-09-12 11:53 INFO     main         Converting and uploading measurement 13/15.
2022-09-12 11:53 DEBUG    main         Converting 59 licel files to SCC NetCDF format.
2022-09-12 11:53 DEBUG    main         Raw data files:
2022-09-12 11:53 DEBUG    main         RM2221013.015
2022-09-12 11:53 DEBUG    main         RM2221013.025
2022-09-12 11:53 DEBUG    main         RM2221013.035
2022-09-12 11:53 DEBUG    main         RM2221013.050
2022-09-12 11:53 DEBUG    main         RM2221013.060
2022-09-12 11:53 DEBUG    main         RM2221013.070
2022-09-12 11:53 DEBUG    main         RM2221013.080
2022-09-12 11:53 DEBUG    main         RM2221013.090
2022-09-12 11:53 DEBUG    main         RM2221013.100
2022-09-12 11:53 DEBUG    main         RM2221013.111
2022-09-12 11:53 DEBUG    main         RM2221013.121
2022-09-12 11:53 DEBUG    main         RM2221013.131
2022-09-12 11:53 DEBUG    main         RM2221013.141
2022-09-12 11:53 DEBUG    main         RM2221013.151
2022-09-12 11:53 DEBUG    main         RM2221013.161
2022-09-12 11:53 DEBUG    main         RM2221013.172
2022-09-12 11:53 DEBUG    main         RM2221013.182
2022-09-12 11:53 DEBUG    main         RM2221013.192
2022-09-12 11:53 DEBUG    main         RM2221013.202
2022-09-12 11:53 DEBUG    main         RM2221013.212
2022-09-12 11:53 DEBUG    main         RM2221013.222
2022-09-12 11:53 DEBUG    main         RM2221013.233
2022-09-12 11:53 DEBUG    main         RM2221013.243
2022-09-12 11:53 DEBUG    main         RM2221013.253
2022-09-12 11:53 DEBUG    main         RM2221013.263
2022-09-12 11:53 DEBUG    main         RM2221013.273
2022-09-12 11:53 DEBUG    main         RM2221013.283
2022-09-12 11:53 DEBUG    main         RM2221013.294
2022-09-12 11:53 DEBUG    main         RM2221013.304
2022-09-12 11:53 DEBUG    main         RM2221013.314
2022-09-12 11:53 DEBUG    main         RM2221013.324
2022-09-12 11:53 DEBUG    main         RM2221013.334
2022-09-12 11:53 DEBUG    main         RM2221013.344
2022-09-12 11:53 DEBUG    main         RM2221013.355
2022-09-12 11:53 DEBUG    main         RM2221013.365
2022-09-12 11:53 DEBUG    main         RM2221013.375
2022-09-12 11:53 DEBUG    main         RM2221013.385
2022-09-12 11:53 DEBUG    main         RM2221013.395
2022-09-12 11:53 DEBUG    main         RM2221013.405
2022-09-12 11:53 DEBUG    main         RM2221013.415
2022-09-12 11:53 DEBUG    main         RM2221013.430
2022-09-12 11:53 DEBUG    main         RM2221013.440
2022-09-12 11:53 DEBUG    main         RM2221013.450
2022-09-12 11:53 DEBUG    main         RM2221013.460
2022-09-12 11:53 DEBUG    main         RM2221013.470
2022-09-12 11:53 DEBUG    main         RM2221013.480
2022-09-12 11:53 DEBUG    main         RM2221013.491
2022-09-12 11:53 DEBUG    main         RM2221013.501
2022-09-12 11:53 DEBUG    main         RM2221013.511
2022-09-12 11:53 DEBUG    main         RM2221013.521
2022-09-12 11:53 DEBUG    main         RM2221013.531
2022-09-12 11:53 DEBUG    main         RM2221013.541
2022-09-12 11:53 DEBUG    main         RM2221013.552
2022-09-12 11:53 DEBUG    main         RM2221013.562
2022-09-12 11:53 DEBUG    main         RM2221013.572
2022-09-12 11:53 DEBUG    main         RM2221013.582
2022-09-12 11:53 DEBUG    main         RM2221013.592
2022-09-12 11:53 DEBUG    main         RM2221014.002
2022-09-12 11:53 DEBUG    main         RM2221014.013
2022-09-12 11:53 DEBUG    main         Raw dark files:
2022-09-12 11:53 DEBUG    main         RM2221012.081
2022-09-12 11:53 DEBUG    main         RM2221012.113
2022-09-12 11:53 DEBUG    main         RM2221012.150
2022-09-12 11:53 DEBUG    main         RM2221012.182
2022-09-12 11:53 DEBUG    main         RM2221012.214
2022-09-12 11:53 DEBUG    main         RM2221012.250
2022-09-12 11:53 DEBUG    main         RM2221012.283
2022-09-12 11:53 DEBUG    main         RM2221012.315
2022-09-12 11:53 DEBUG    main         RM2221012.351
2022-09-12 11:53 DEBUG    main         RM2221012.383
2022-09-12 11:53 DEBUG    main         RM2221012.420
2022-09-12 11:53 DEBUG    main         RM2221012.452
2022-09-12 11:53 DEBUG    main         RM2221012.484
2022-09-12 11:53 DEBUG    main         RM2221012.520
2022-09-12 11:53 DEBUG    main         RM2221012.553
2022-09-12 11:53 DEBUG    main         RM2221012.585
2022-09-12 11:53 DEBUG    main         SCC NetCDF file: 20220210ino0000.nc
2022-09-12 11:53 DEBUG    20220210ino0000 Successfully converted licel files to "20220210ino0000.nc"
2022-09-12 11:53 INFO     main         Converting and uploading measurement 14/15.
2022-09-12 11:53 DEBUG    main         Converting 34 licel files to SCC NetCDF format.
2022-09-12 11:53 DEBUG    main         Raw data files:
2022-09-12 11:53 DEBUG    main         RM2221014.023
2022-09-12 11:53 DEBUG    main         RM2221014.033
2022-09-12 11:53 DEBUG    main         RM2221014.043
2022-09-12 11:53 DEBUG    main         RM2221014.053
2022-09-12 11:53 DEBUG    main         RM2221014.063
2022-09-12 11:53 DEBUG    main         RM2221014.074
2022-09-12 11:53 DEBUG    main         RM2221014.084
2022-09-12 11:53 DEBUG    main         RM2221014.094
2022-09-12 11:53 DEBUG    main         RM2221014.104
2022-09-12 11:53 DEBUG    main         RM2221014.114
2022-09-12 11:53 DEBUG    main         RM2221014.124
2022-09-12 11:53 DEBUG    main         RM2221014.135
2022-09-12 11:53 DEBUG    main         RM2221014.145
2022-09-12 11:53 DEBUG    main         RM2221014.155
2022-09-12 11:53 DEBUG    main         RM2221014.165
2022-09-12 11:53 DEBUG    main         RM2221014.175
2022-09-12 11:53 DEBUG    main         RM2221014.185
2022-09-12 11:53 DEBUG    main         RM2221014.200
2022-09-12 11:53 DEBUG    main         RM2221014.210
2022-09-12 11:53 DEBUG    main         RM2221014.220
2022-09-12 11:53 DEBUG    main         RM2221014.230
2022-09-12 11:53 DEBUG    main         RM2221014.240
2022-09-12 11:53 DEBUG    main         RM2221014.250
2022-09-12 11:53 DEBUG    main         RM2221014.261
2022-09-12 11:53 DEBUG    main         RM2221014.271
2022-09-12 11:53 DEBUG    main         RM2221014.281
2022-09-12 11:53 DEBUG    main         RM2221014.291
2022-09-12 11:53 DEBUG    main         RM2221014.301
2022-09-12 11:53 DEBUG    main         RM2221014.311
2022-09-12 11:53 DEBUG    main         RM2221014.321
2022-09-12 11:53 DEBUG    main         RM2221014.332
2022-09-12 11:53 DEBUG    main         RM2221014.342
2022-09-12 11:53 DEBUG    main         RM2221014.352
2022-09-12 11:53 DEBUG    main         RM2221014.362
2022-09-12 11:53 DEBUG    main         Raw dark files:
2022-09-12 11:53 DEBUG    main         RM2221012.081
2022-09-12 11:53 DEBUG    main         RM2221012.113
2022-09-12 11:53 DEBUG    main         RM2221012.150
2022-09-12 11:53 DEBUG    main         RM2221012.182
2022-09-12 11:53 DEBUG    main         RM2221012.214
2022-09-12 11:53 DEBUG    main         RM2221012.250
2022-09-12 11:53 DEBUG    main         RM2221012.283
2022-09-12 11:53 DEBUG    main         RM2221012.315
2022-09-12 11:53 DEBUG    main         RM2221012.351
2022-09-12 11:53 DEBUG    main         RM2221012.383
2022-09-12 11:53 DEBUG    main         RM2221012.420
2022-09-12 11:53 DEBUG    main         RM2221012.452
2022-09-12 11:53 DEBUG    main         RM2221012.484
2022-09-12 11:53 DEBUG    main         RM2221012.520
2022-09-12 11:53 DEBUG    main         RM2221012.553
2022-09-12 11:53 DEBUG    main         RM2221012.585
2022-09-12 11:53 DEBUG    main         SCC NetCDF file: 20220210ino0001.nc
2022-09-12 11:53 DEBUG    20220210ino0001 Successfully converted licel files to "20220210ino0001.nc"
2022-09-12 11:53 INFO     main         Converting and uploading measurement 15/15.
2022-09-12 11:53 DEBUG    main         Converting 79 licel files to SCC NetCDF format.
2022-09-12 11:53 DEBUG    main         Raw data files:
2022-09-12 11:53 DEBUG    main         RM2221015.315
2022-09-12 11:53 DEBUG    main         RM2221015.330
2022-09-12 11:53 DEBUG    main         RM2221015.340
2022-09-12 11:53 DEBUG    main         RM2221015.350
2022-09-12 11:53 DEBUG    main         RM2221015.360
2022-09-12 11:53 DEBUG    main         RM2221015.371
2022-09-12 11:53 DEBUG    main         RM2221015.381
2022-09-12 11:53 DEBUG    main         RM2221015.391
2022-09-12 11:53 DEBUG    main         RM2221015.401
2022-09-12 11:53 DEBUG    main         RM2221015.412
2022-09-12 11:53 DEBUG    main         RM2221015.422
2022-09-12 11:53 DEBUG    main         RM2221015.432
2022-09-12 11:53 DEBUG    main         RM2221015.442
2022-09-12 11:53 DEBUG    main         RM2221015.453
2022-09-12 11:53 DEBUG    main         RM2221015.463
2022-09-12 11:53 DEBUG    main         RM2221015.473
2022-09-12 11:53 DEBUG    main         RM2221015.483
2022-09-12 11:53 DEBUG    main         RM2221015.493
2022-09-12 11:53 DEBUG    main         RM2221015.504
2022-09-12 11:53 DEBUG    main         RM2221015.514
2022-09-12 11:53 DEBUG    main         RM2221015.524
2022-09-12 11:53 DEBUG    main         RM2221015.534
2022-09-12 11:53 DEBUG    main         RM2221015.545
2022-09-12 11:53 DEBUG    main         RM2221015.555
2022-09-12 11:53 DEBUG    main         RM2221015.565
2022-09-12 11:53 DEBUG    main         RM2221015.575
2022-09-12 11:53 DEBUG    main         RM2221015.590
2022-09-12 11:53 DEBUG    main         RM2221016.000
2022-09-12 11:53 DEBUG    main         RM2221016.010
2022-09-12 11:53 DEBUG    main         RM2221016.020
2022-09-12 11:53 DEBUG    main         RM2221016.031
2022-09-12 11:53 DEBUG    main         RM2221016.041
2022-09-12 11:53 DEBUG    main         RM2221016.051
2022-09-12 11:53 DEBUG    main         RM2221016.061
2022-09-12 11:53 DEBUG    main         RM2221016.072
2022-09-12 11:53 DEBUG    main         RM2221016.082
2022-09-12 11:53 DEBUG    main         RM2221016.092
2022-09-12 11:53 DEBUG    main         RM2221016.102
2022-09-12 11:53 DEBUG    main         RM2221016.113
2022-09-12 11:53 DEBUG    main         RM2221016.123
2022-09-12 11:53 DEBUG    main         RM2221016.133
2022-09-12 11:53 DEBUG    main         RM2221016.143
2022-09-12 11:53 DEBUG    main         RM2221016.153
2022-09-12 11:53 DEBUG    main         RM2221016.164
2022-09-12 11:53 DEBUG    main         RM2221016.174
2022-09-12 11:53 DEBUG    main         RM2221016.184
2022-09-12 11:53 DEBUG    main         RM2221016.194
2022-09-12 11:53 DEBUG    main         RM2221016.205
2022-09-12 11:53 DEBUG    main         RM2221016.215
2022-09-12 11:53 DEBUG    main         RM2221016.225
2022-09-12 11:53 DEBUG    main         RM2221016.235
2022-09-12 11:53 DEBUG    main         RM2221016.250
2022-09-12 11:53 DEBUG    main         RM2221016.260
2022-09-12 11:53 DEBUG    main         RM2221016.270
2022-09-12 11:53 DEBUG    main         RM2221016.280
2022-09-12 11:53 DEBUG    main         RM2221016.291
2022-09-12 11:53 DEBUG    main         RM2221016.301
2022-09-12 11:53 DEBUG    main         RM2221016.311
2022-09-12 11:53 DEBUG    main         RM2221016.321
2022-09-12 11:53 DEBUG    main         RM2221016.332
2022-09-12 11:53 DEBUG    main         RM2221016.342
2022-09-12 11:53 DEBUG    main         RM2221016.352
2022-09-12 11:53 DEBUG    main         RM2221016.362
2022-09-12 11:53 DEBUG    main         RM2221016.372
2022-09-12 11:53 DEBUG    main         RM2221016.383
2022-09-12 11:53 DEBUG    main         RM2221016.393
2022-09-12 11:53 DEBUG    main         RM2221016.403
2022-09-12 11:53 DEBUG    main         RM2221016.413
2022-09-12 11:53 DEBUG    main         RM2221016.424
2022-09-12 11:53 DEBUG    main         RM2221016.434
2022-09-12 11:53 DEBUG    main         RM2221016.444
2022-09-12 11:53 DEBUG    main         RM2221016.454
2022-09-12 11:53 DEBUG    main         RM2221016.465
2022-09-12 11:53 DEBUG    main         RM2221016.475
2022-09-12 11:53 DEBUG    main         RM2221016.485
2022-09-12 11:53 DEBUG    main         RM2221016.495
2022-09-12 11:53 DEBUG    main         RM2221016.510
2022-09-12 11:53 DEBUG    main         RM2221016.520
2022-09-12 11:53 DEBUG    main         RM2221016.530
2022-09-12 11:53 DEBUG    main         Raw dark files:
2022-09-12 11:53 DEBUG    main         RM2221014.423
2022-09-12 11:53 DEBUG    main         RM2221014.460
2022-09-12 11:53 DEBUG    main         RM2221014.492
2022-09-12 11:53 DEBUG    main         RM2221014.524
2022-09-12 11:53 DEBUG    main         RM2221014.561
2022-09-12 11:53 DEBUG    main         RM2221014.593
2022-09-12 11:53 DEBUG    main         RM2221015.025
2022-09-12 11:53 DEBUG    main         RM2221015.062
2022-09-12 11:53 DEBUG    main         RM2221015.094
2022-09-12 11:53 DEBUG    main         RM2221015.130
2022-09-12 11:53 DEBUG    main         RM2221015.163
2022-09-12 11:53 DEBUG    main         RM2221015.195
2022-09-12 11:53 DEBUG    main         RM2221015.231
2022-09-12 11:53 DEBUG    main         RM2221015.264
2022-09-12 11:53 DEBUG    main         RM2221015.300
2022-09-12 11:53 DEBUG    main         SCC NetCDF file: 20220210ino0002.nc
2022-09-12 11:53 DEBUG    20220210ino0002 Successfully converted licel files to "20220210ino0002.nc"
